<?xml version="1.0" encoding="UTF-8"?>
<!-- Generated by org.testng.reporters.JUnitReportReporter -->
<testsuite skipped="0" hostname="DESKTOP-2T8T0L9" name="chaining.DeleteIncident" tests="1" failures="0" timestamp="2020-07-17T02:50:31 IST" time="4.482" errors="0">
  <testcase name="deleteIncident" time="4.482" classname="chaining.DeleteIncident"/>
  <system-out/>
</testsuite> <!-- chaining.DeleteIncident -->
