<?xml version="1.0" encoding="UTF-8"?>
<!-- Generated by org.testng.reporters.JUnitReportReporter -->
<testsuite skipped="0" hostname="DESKTOP-2T8T0L9" name="basic.CreatemultInciDataProvider" tests="2" failures="0" timestamp="2020-07-16T20:14:37 IST" time="12.468" errors="0">
  <testcase name="CreatemultIncidDataProvider" time="6.234" classname="basic.CreatemultInciDataProvider"/>
  <system-out/>
  <testcase name="CreatemultIncidDataProvider" time="6.234" classname="basic.CreatemultInciDataProvider"/>
  <system-out/>
</testsuite> <!-- basic.CreatemultInciDataProvider -->
