<?xml version="1.0" encoding="UTF-8"?>
<!-- Generated by org.testng.reporters.JUnitReportReporter -->
<testsuite skipped="0" hostname="DESKTOP-2T8T0L9" name="basic.Printonlythecount" tests="1" failures="0" timestamp="2020-07-14T22:17:18 IST" time="7.559" errors="0">
  <testcase name="GetAllIncident" time="7.559" classname="basic.Printonlythecount"/>
  <system-out/>
</testsuite> <!-- basic.Printonlythecount -->
