<?xml version="1.0" encoding="UTF-8"?>
<!-- Generated by org.testng.reporters.JUnitReportReporter -->
<testsuite skipped="0" hostname="DESKTOP-2T8T0L9" name="basic.GetallIncidents" tests="1" failures="0" timestamp="2020-07-14T22:03:21 IST" time="5.475" errors="0">
  <testcase name="GetAllIncident" time="5.475" classname="basic.GetallIncidents"/>
  <system-out/>
</testsuite> <!-- basic.GetallIncidents -->
