<?xml version="1.0" encoding="UTF-8"?>
<!-- Generated by org.testng.reporters.JUnitReportReporter -->
<testsuite skipped="0" hostname="DESKTOP-2T8T0L9" name="basic.CreateIncident" tests="1" failures="0" timestamp="2020-07-16T03:53:48 IST" time="6.167" errors="0">
  <testcase name="createincident" time="6.167" classname="basic.CreateIncident"/>
  <system-out/>
</testsuite> <!-- basic.CreateIncident -->
