<?xml version="1.0" encoding="UTF-8"?>
<!-- Generated by org.testng.reporters.JUnitReportReporter -->
<testsuite skipped="0" hostname="DESKTOP-2T8T0L9" name="week2Assignm.Chaining.CreateIssueChaining" tests="1" failures="0" timestamp="2020-07-28T00:52:24 IST" time="3.803" errors="0">
  <testcase name="createIssue" time="3.803" classname="week2Assignm.Chaining.CreateIssueChaining"/>
  <system-out/>
</testsuite> <!-- week2Assignm.Chaining.CreateIssueChaining -->
