<?xml version="1.0" encoding="UTF-8"?>
<!-- Generated by org.testng.reporters.JUnitReportReporter -->
<testsuite skipped="0" hostname="DESKTOP-2T8T0L9" name="chaining.CreateIncidentwithoutbody" tests="1" failures="0" timestamp="2020-07-17T02:50:31 IST" time="6.676" errors="0">
  <testcase name="createincident" time="6.676" classname="chaining.CreateIncidentwithoutbody"/>
  <system-out/>
</testsuite> <!-- chaining.CreateIncidentwithoutbody -->
