<?xml version="1.0" encoding="UTF-8"?>
<!-- Generated by org.testng.reporters.JUnitReportReporter -->
<testsuite skipped="0" hostname="DESKTOP-2T8T0L9" name="basic.CreateIncidentwithbody" tests="1" failures="0" timestamp="2020-07-28T01:24:51 IST" time="5.861" errors="0">
  <testcase name="createincidwithoutbody" time="5.861" classname="basic.CreateIncidentwithbody"/>
  <system-out/>
</testsuite> <!-- basic.CreateIncidentwithbody -->
