<?xml version="1.0" encoding="UTF-8"?>
<!-- Generated by org.testng.reporters.JUnitReportReporter -->
<testsuite skipped="0" hostname="DESKTOP-2T8T0L9" name="week2Assignm.PostMultipleIssues" tests="2" failures="0" timestamp="2020-07-28T01:19:26 IST" time="5.966" errors="0">
  <testcase name="multipleIssues" time="2.950" classname="week2Assignm.PostMultipleIssues"/>
  <system-out/>
  <testcase name="multipleIssues" time="3.016" classname="week2Assignm.PostMultipleIssues"/>
  <system-out/>
</testsuite> <!-- week2Assignm.PostMultipleIssues -->
