<?xml version="1.0" encoding="UTF-8"?>
<!-- Generated by org.testng.reporters.JUnitReportReporter -->
<testsuite skipped="0" hostname="DESKTOP-2T8T0L9" name="basic.CreateIncidentDatafile" tests="1" failures="0" timestamp="2020-07-28T01:22:13 IST" time="3.966" errors="0">
  <testcase name="CreateIncidtDatafile" time="3.966" classname="basic.CreateIncidentDatafile"/>
  <system-out/>
</testsuite> <!-- basic.CreateIncidentDatafile -->
