<?xml version="1.0" encoding="UTF-8"?>
<!-- Generated by org.testng.reporters.JUnitReportReporter -->
<testsuite skipped="0" hostname="DESKTOP-2T8T0L9" name="Week3Day1.LearnCookies" tests="1" failures="0" timestamp="2020-09-19T03:58:01 IST" time="3.774" errors="0">
  <testcase name="learnCookies" time="3.774" classname="Week3Day1.LearnCookies"/>
  <system-out/>
</testsuite> <!-- Week3Day1.LearnCookies -->
