<?xml version="1.0" encoding="UTF-8"?>
<!-- Generated by org.testng.reporters.JUnitReportReporter -->
<testsuite skipped="0" hostname="DESKTOP-2T8T0L9" name="basic.CreateIncidentwithoutbody" tests="1" failures="0" timestamp="2020-07-16T04:13:42 IST" time="5.406" errors="0">
  <testcase name="createincidwithoutbody" time="5.406" classname="basic.CreateIncidentwithoutbody"/>
  <system-out/>
</testsuite> <!-- basic.CreateIncidentwithoutbody -->
