<?xml version="1.0" encoding="UTF-8"?>
<!-- Generated by org.testng.reporters.JUnitReportReporter -->
<testsuite skipped="0" hostname="DESKTOP-2T8T0L9" name="basic.Dynamicparameter" tests="1" failures="0" timestamp="2020-07-15T19:07:16 IST" time="5.927" errors="0">
  <testcase name="Dynamicparam" time="5.927" classname="basic.Dynamicparameter"/>
  <system-out/>
</testsuite> <!-- basic.Dynamicparameter -->
