<?xml version="1.0" encoding="UTF-8"?>
<!-- Generated by org.testng.reporters.JUnitReportReporter -->
<testsuite skipped="0" hostname="DESKTOP-2T8T0L9" name="week2Assignm.GetAlltheIssuesJira" tests="1" failures="0" timestamp="2020-07-27T20:43:57 IST" time="4.947" errors="0">
  <testcase name="GetAllissues" time="4.947" classname="week2Assignm.GetAlltheIssuesJira"/>
  <system-out/>
</testsuite> <!-- week2Assignm.GetAlltheIssuesJira -->
