<?xml version="1.0" encoding="UTF-8"?>
<!-- Generated by org.testng.reporters.JUnitReportReporter -->
<testsuite skipped="0" hostname="DESKTOP-2T8T0L9" name="week2Assignm.AttachFileToJira" tests="1" failures="0" timestamp="2020-07-27T20:19:02 IST" time="6.540" errors="0">
  <testcase name="AttachFile" time="6.540" classname="week2Assignm.AttachFileToJira"/>
  <system-out/>
</testsuite> <!-- week2Assignm.AttachFileToJira -->
