<?xml version="1.0" encoding="UTF-8"?>
<!-- Generated by org.testng.reporters.JUnitReportReporter -->
<testsuite skipped="0" hostname="DESKTOP-2T8T0L9" name="basic.INCIDENTPrintonlythecountJSONFORMAT" tests="1" failures="0" timestamp="2020-07-16T03:44:09 IST" time="6.745" errors="0">
  <testcase name="printcount" time="6.745" classname="basic.INCIDENTPrintonlythecountJSONFORMAT"/>
  <system-out/>
</testsuite> <!-- basic.INCIDENTPrintonlythecountJSONFORMAT -->
