<?xml version="1.0" encoding="UTF-8"?>
<!-- Generated by org.testng.reporters.JUnitReportReporter -->
<testsuite skipped="0" hostname="DESKTOP-2T8T0L9" name="week2AssignmChaining.CreateIssueChaining" tests="1" failures="0" timestamp="2020-07-28T01:09:53 IST" time="3.341" errors="0">
  <testcase name="createIssue" time="3.341" classname="week2AssignmChaining.CreateIssueChaining"/>
  <system-out/>
</testsuite> <!-- week2AssignmChaining.CreateIssueChaining -->
